<?xml version="1.0" encoding="UTF-8"?>
<testsuite name="TestSuite" time="30.113" tests="3" errors="0" skipped="0" failures="3">
  <properties>
[...]
</properties>
  <testcase name="seleniumSearchTest" classname="ui_tests.lesson7.GoogleSearchTest" time="0.032">
    <failure type="java.lang.NullPointerException:">java.lang.NullPointerException: null
	at page.GoogleSearchPage.open(GoogleSearchPage.java:24)
	at ui_tests.lesson7.GoogleSearchTest.seleniumSearchTest(GoogleSearchTest.java:19)
</failure>
    <system-err><![CDATA[log4j:WARN No appenders could be found for logger (org.apache.http.client.protocol.RequestAddCookies).
log4j:WARN Please initialize the log4j system properly.
]]></system-err>
  </testcase>
  <testcase name="seleniumSearchTest" classname="ui_tests.lesson7.StylusSearchTest" time="30.078">
    <failure message="Timed out waiting for page load.&#10;Command duration or timeout: 30.04 seconds&#10;Build info: version: &apos;2.46.0&apos;, revision: &apos;61506a4624b13675f24581e453592342b7485d71&apos;, time: &apos;2015-06-04 10:22:50&apos;&#10;System info: host: &apos;MacBook-Air-Yana.local&apos;, ip: &apos;192.168.0.19&apos;, os.name: &apos;Mac OS X&apos;, os.arch: &apos;x86_64&apos;, os.version: &apos;10.9.5&apos;, java.version: &apos;1.6.0_65&apos;&#10;Session ID: ccf14608-63d0-bf4b-ad72-4c873c5ea0ba&#10;Driver info: org.openqa.selenium.firefox.FirefoxDriver&#10;Capabilities [{platform=MAC, acceptSslCerts=true, javascriptEnabled=true, browserName=firefox, rotatable=false, locationContextEnabled=true, version=40.0.2, cssSelectorsEnabled=true, databaseEnabled=true, handlesAlerts=true, nativeEvents=false, webStorageEnabled=true, applicationCacheEnabled=true, takesScreenshot=true}]" type="org.openqa.selenium.TimeoutException"><![CDATA[org.openqa.selenium.TimeoutException: Timed out waiting for page load.
Command duration or timeout: 30.04 seconds
Build info: version: '2.46.0', revision: '61506a4624b13675f24581e453592342b7485d71', time: '2015-06-04 10:22:50'
System info: host: 'MacBook-Air-Yana.local', ip: '192.168.0.19', os.name: 'Mac OS X', os.arch: 'x86_64', os.version: '10.9.5', java.version: '1.6.0_65'
Session ID: ccf14608-63d0-bf4b-ad72-4c873c5ea0ba
Driver info: org.openqa.selenium.firefox.FirefoxDriver
Capabilities [{platform=MAC, acceptSslCerts=true, javascriptEnabled=true, browserName=firefox, rotatable=false, locationContextEnabled=true, version=40.0.2, cssSelectorsEnabled=true, databaseEnabled=true, handlesAlerts=true, nativeEvents=false, webStorageEnabled=true, applicationCacheEnabled=true, takesScreenshot=true}]
	at sun.reflect.NativeConstructorAccessorImpl.newInstance0(Native Method)
	at sun.reflect.NativeConstructorAccessorImpl.newInstance(NativeConstructorAccessorImpl.java:39)
	at sun.reflect.DelegatingConstructorAccessorImpl.newInstance(DelegatingConstructorAccessorImpl.java:27)
	at java.lang.reflect.Constructor.newInstance(Constructor.java:513)
	at org.openqa.selenium.remote.ErrorHandler.createThrowable(ErrorHandler.java:204)
	at org.openqa.selenium.remote.ErrorHandler.throwIfResponseFailed(ErrorHandler.java:156)
	at org.openqa.selenium.remote.RemoteWebDriver.execute(RemoteWebDriver.java:605)
	at org.openqa.selenium.remote.RemoteWebDriver.get(RemoteWebDriver.java:306)
	at page.StylusSearchPage.open(StylusSearchPage.java:30)
	at ui_tests.lesson7.StylusSearchTest.seleniumSearchTest(StylusSearchTest.java:26)
Caused by: org.openqa.selenium.TimeoutException: Timed out waiting for page load.
Build info: version: '2.46.0', revision: '61506a4624b13675f24581e453592342b7485d71', time: '2015-06-04 10:22:50'
System info: host: 'MacBook-Air-Yana.local', ip: '192.168.0.19', os.name: 'Mac OS X', os.arch: 'x86_64', os.version: '10.9.5', java.version: '1.6.0_65'
Driver info: driver.version: unknown
	at <anonymous class>.Utils.initWebLoadingListener/<(file:///var/folders/8h/yjxltj6j6kx7zbpg7n8gsqd40000gn/T/anonymous3320759217997779774webdriver-profile/extensions/fxdriver@googlecode.com/components/driver-component.js:8626)
	at <anonymous class>.WebLoadingListener/e(file:///var/folders/8h/yjxltj6j6kx7zbpg7n8gsqd40000gn/T/anonymous3320759217997779774webdriver-profile/extensions/fxdriver@googlecode.com/components/driver-component.js:4735)
	at <anonymous class>.WebLoadingListener/<(file:///var/folders/8h/yjxltj6j6kx7zbpg7n8gsqd40000gn/T/anonymous3320759217997779774webdriver-profile/extensions/fxdriver@googlecode.com/components/driver-component.js:4743)
	at <anonymous class>.fxdriver.Timer.prototype.setTimeout/<.notify(file:///var/folders/8h/yjxltj6j6kx7zbpg7n8gsqd40000gn/T/anonymous3320759217997779774webdriver-profile/extensions/fxdriver@googlecode.com/components/driver-component.js:603)
]]></failure>
  </testcase>
  <testcase name="JavaScriptClick" classname="ui_tests.lesson7.Lesson10" time="0.003">
    <failure type="java.lang.NullPointerException:"><![CDATA[java.lang.NullPointerException: null
	at page.JavaScriptPage.<init>(JavaScriptPage.java:19)
	at ui_tests.lesson7.Lesson10.JavaScriptClick(Lesson10.java:17)
]]></failure>
  </testcase>
</testsuite>